<?xml version="1.0" encoding="UTF-8"?>
<testsuite name="RectangularMapTest" tests="1" skipped="0" failures="0" errors="0" timestamp="2022-11-22T22:18:35" hostname="MacBook-Pro-Karol-2.local" time="0.012">
  <properties/>
  <testcase name="testIsOccupied()" classname="RectangularMapTest" time="0.012"/>
  <system-out><![CDATA[ y\x  0 1 2 3 4 5 6 7 8 910
 21: -----------------------
 20: | | | | | | | | | | | |
 19: | | | | | | | | | | | |
 18: | | | | | | | | | | | |
 17: | | | | | | | | | | | |
 16: | | | | | | | | | | | |
 15: | | | | | | | | | | | |
 14: | | | | | | | | | | | |
 13: | | | | | | | | | | | |
 12: | | | | | | | | | | | |
 11: | | | | | | | | | | | |
 10: | | | | | | | | | | | |
  9: | | | | | | | | | | | |
  8: | | | | | | | | | | | |
  7: | | | | | | | | | | | |
  6: | | | | | | | | | | | |
  5: | | | | | | | | | | | |
  4: | | | | | | | | | | | |
  3: | | | | | | | | | | | |
  2: | | | | | | | | | | | |
  1: | | | | | | | | | | | |
  0: | | | | | | | | | | | |
 -1: -----------------------

]]></system-out>
  <system-err><![CDATA[]]></system-err>
</testsuite>
